<?xml version="1.0" encoding="UTF-8"?>
<!-- Generated by org.testng.reporters.JUnitReportReporter -->
<testsuite hostname="AbhaySinh" failures="0" tests="1" name="com.qa.testcases.TC_linkTest_001" time="2.480" errors="0" timestamp="2024-03-14T15:45:31 IST" skipped="0">
  <testcase classname="com.qa.testcases.TC_linkTest_001" name="linkTest" time="2.480"/>
</testsuite> <!-- com.qa.testcases.TC_linkTest_001 -->
