<?xml version="1.0" encoding="UTF-8"?>
<!-- Generated by org.testng.reporters.JUnitReportReporter -->
<testsuite hostname="AbhaySinh" failures="0" tests="3" name="com.qa.testcases.TC_LinksVerification_004" time="3.867" errors="0" timestamp="2024-03-14T16:07:16 IST" skipped="0">
  <testcase classname="com.qa.testcases.TC_LinksVerification_004" name="test1" time="2.395"/>
  <testcase classname="com.qa.testcases.TC_LinksVerification_004" name="test2" time="0.759"/>
  <testcase classname="com.qa.testcases.TC_LinksVerification_004" name="test3" time="0.713"/>
</testsuite> <!-- com.qa.testcases.TC_LinksVerification_004 -->
