<?xml version="1.0" encoding="UTF-8"?>
<!-- Generated by org.testng.reporters.JUnitReportReporter -->
<testsuite hostname="AbhaySinh" failures="0" tests="3" name="com.qa.testcases.TC_LogINTest_003" time="3.422" errors="0" timestamp="2024-03-14T15:37:28 IST" skipped="0">
  <testcase classname="com.qa.testcases.TC_LogINTest_003" name="test1" time="2.206"/>
  <testcase classname="com.qa.testcases.TC_LogINTest_003" name="test2" time="1.191"/>
  <testcase classname="com.qa.testcases.TC_LogINTest_003" name="test3" time="0.025"/>
</testsuite> <!-- com.qa.testcases.TC_LogINTest_003 -->
