<?xml version="1.0" encoding="UTF-8"?>
<!-- Generated by org.testng.reporters.JUnitReportReporter -->
<testsuite hostname="AbhaySinh" failures="0" tests="3" name="com.qa.testcases.TC_ValidateMainElements_005" time="2.452" errors="0" timestamp="2024-03-14T16:23:31 IST" skipped="0">
  <testcase classname="com.qa.testcases.TC_ValidateMainElements_005" name="test1" time="2.354"/>
  <testcase classname="com.qa.testcases.TC_ValidateMainElements_005" name="test2" time="0.086"/>
  <testcase classname="com.qa.testcases.TC_ValidateMainElements_005" name="test3" time="0.012"/>
</testsuite> <!-- com.qa.testcases.TC_ValidateMainElements_005 -->
